<?xml version="1.0" encoding="UTF-8"?>
<testsuite xmlns:xsi="http://www.w3.org/2001/XMLSchema-instance" xsi:noNamespaceSchemaLocation="https://maven.apache.org/surefire/maven-surefire-plugin/xsd/surefire-test-report.xsd" name="uta.cse3310.GameLogicTest" time="1.237" tests="11" errors="0" skipped="0" failures="0">
  <properties>
    <property name="java.specification.version" value="17"/>
    <property name="sun.jnu.encoding" value="UTF-8"/>
    <property name="java.class.path" value="/mnt/c/Users/erikg/OneDrive/Documents/GitHub/cse3310_sp24_group_8/target/test-classes:/mnt/c/Users/erikg/OneDrive/Documents/GitHub/cse3310_sp24_group_8/target/classes:/home/erikguerrero/.m2/repository/junit/junit/4.13.2/junit-4.13.2.jar:/home/erikguerrero/.m2/repository/org/hamcrest/hamcrest-core/1.3/hamcrest-core-1.3.jar:/home/erikguerrero/.m2/repository/com/google/code/gson/gson/2.9.1/gson-2.9.1.jar:/home/erikguerrero/.m2/repository/net/freeutils/jlhttp/2.6/jlhttp-2.6.jar:/home/erikguerrero/.m2/repository/org/java-websocket/Java-WebSocket/1.5.4/Java-WebSocket-1.5.4.jar:/home/erikguerrero/.m2/repository/org/slf4j/slf4j-api/2.0.6/slf4j-api-2.0.6.jar:/home/erikguerrero/.m2/repository/org/json/json/20210307/json-20210307.jar:"/>
    <property name="java.vm.vendor" value="Private Build"/>
    <property name="sun.arch.data.model" value="64"/>
    <property name="java.vendor.url" value="Unknown"/>
    <property name="os.name" value="Linux"/>
    <property name="java.vm.specification.version" value="17"/>
    <property name="sun.java.launcher" value="SUN_STANDARD"/>
    <property name="sun.boot.library.path" value="/usr/lib/jvm/java-17-openjdk-amd64/lib"/>
    <property name="sun.java.command" value="/mnt/c/Users/erikg/OneDrive/Documents/GitHub/cse3310_sp24_group_8/target/surefire/surefirebooter8004485081107483204.jar /mnt/c/Users/erikg/OneDrive/Documents/GitHub/cse3310_sp24_group_8/target/surefire 2024-04-22T16-34-46_136-jvmRun1 surefire12828586954663276155tmp surefire_09334034389907209308tmp"/>
    <property name="jdk.debug" value="release"/>
    <property name="surefire.test.class.path" value="/mnt/c/Users/erikg/OneDrive/Documents/GitHub/cse3310_sp24_group_8/target/test-classes:/mnt/c/Users/erikg/OneDrive/Documents/GitHub/cse3310_sp24_group_8/target/classes:/home/erikguerrero/.m2/repository/junit/junit/4.13.2/junit-4.13.2.jar:/home/erikguerrero/.m2/repository/org/hamcrest/hamcrest-core/1.3/hamcrest-core-1.3.jar:/home/erikguerrero/.m2/repository/com/google/code/gson/gson/2.9.1/gson-2.9.1.jar:/home/erikguerrero/.m2/repository/net/freeutils/jlhttp/2.6/jlhttp-2.6.jar:/home/erikguerrero/.m2/repository/org/java-websocket/Java-WebSocket/1.5.4/Java-WebSocket-1.5.4.jar:/home/erikguerrero/.m2/repository/org/slf4j/slf4j-api/2.0.6/slf4j-api-2.0.6.jar:/home/erikguerrero/.m2/repository/org/json/json/20210307/json-20210307.jar:"/>
    <property name="sun.cpu.endian" value="little"/>
    <property name="user.home" value="/home/erikguerrero"/>
    <property name="user.language" value="en"/>
    <property name="java.specification.vendor" value="Oracle Corporation"/>
    <property name="java.version.date" value="2023-10-17"/>
    <property name="java.home" value="/usr/lib/jvm/java-17-openjdk-amd64"/>
    <property name="file.separator" value="/"/>
    <property name="basedir" value="/mnt/c/Users/erikg/OneDrive/Documents/GitHub/cse3310_sp24_group_8"/>
    <property name="java.vm.compressedOopsMode" value="32-bit"/>
    <property name="line.separator" value="&#10;"/>
    <property name="java.vm.specification.vendor" value="Oracle Corporation"/>
    <property name="java.specification.name" value="Java Platform API Specification"/>
    <property name="surefire.real.class.path" value="/mnt/c/Users/erikg/OneDrive/Documents/GitHub/cse3310_sp24_group_8/target/surefire/surefirebooter8004485081107483204.jar"/>
    <property name="sun.management.compiler" value="HotSpot 64-Bit Tiered Compilers"/>
    <property name="java.runtime.version" value="17.0.9+9-Ubuntu-122.04"/>
    <property name="user.name" value="erikguerrero"/>
    <property name="path.separator" value=":"/>
    <property name="os.version" value="5.15.146.1-microsoft-standard-WSL2"/>
    <property name="java.runtime.name" value="OpenJDK Runtime Environment"/>
    <property name="file.encoding" value="UTF-8"/>
    <property name="java.vm.name" value="OpenJDK 64-Bit Server VM"/>
    <property name="localRepository" value="/home/erikguerrero/.m2/repository"/>
    <property name="java.vendor.url.bug" value="Unknown"/>
    <property name="java.io.tmpdir" value="/tmp"/>
    <property name="java.version" value="17.0.9"/>
    <property name="user.dir" value="/mnt/c/Users/erikg/OneDrive/Documents/GitHub/cse3310_sp24_group_8"/>
    <property name="os.arch" value="amd64"/>
    <property name="java.vm.specification.name" value="Java Virtual Machine Specification"/>
    <property name="native.encoding" value="UTF-8"/>
    <property name="java.library.path" value="/usr/java/packages/lib:/usr/lib/x86_64-linux-gnu/jni:/lib/x86_64-linux-gnu:/usr/lib/x86_64-linux-gnu:/usr/lib/jni:/lib:/usr/lib"/>
    <property name="java.vm.info" value="mixed mode, sharing"/>
    <property name="java.vendor" value="Private Build"/>
    <property name="java.vm.version" value="17.0.9+9-Ubuntu-122.04"/>
    <property name="sun.io.unicode.encoding" value="UnicodeLittle"/>
    <property name="java.class.version" value="61.0"/>
  </properties>
  <testcase name="testCalculatePoints" classname="uta.cse3310.GameLogicTest" time="0.085"/>
  <testcase name="testGridGenerator" classname="uta.cse3310.GameLogicTest" time="0.001"/>
  <testcase name="testIsValidWord" classname="uta.cse3310.GameLogicTest" time="0"/>
  <testcase name="testCalculateFillerPercentage" classname="uta.cse3310.GameLogicTest" time="0.001"/>
  <testcase name="testCheckWord" classname="uta.cse3310.GameLogicTest" time="0.862"/>
  <testcase name="testSetWordsFromURL" classname="uta.cse3310.GameLogicTest" time="0.031"/>
  <testcase name="testGenerateFillerDensity" classname="uta.cse3310.GameLogicTest" time="0.001"/>
  <testcase name="testGameStart" classname="uta.cse3310.GameLogicTest" time="0.043"/>
  <testcase name="testCheckDiagonals" classname="uta.cse3310.GameLogicTest" time="0.001"/>
  <testcase name="testCheckColumns" classname="uta.cse3310.GameLogicTest" time="0"/>
  <testcase name="testGenerateRandomWords" classname="uta.cse3310.GameLogicTest" time="0"/>
</testsuite>